Training Started: 2019-01-07 05:25:10.303990
Epoch: 1 	Training Loss: 4.699307 	Validation Loss: 4.270935	Elapsed: 0:03:18.031065
Validation loss decreased (inf --> 4.270935). Saving model ...
Epoch: 2 	Training Loss: 4.181660 	Validation Loss: 3.670290	Elapsed: 0:03:17.966246
Validation loss decreased (4.270935 --> 3.670290). Saving model ...
Epoch: 3 	Training Loss: 3.735970 	Validation Loss: 3.142542	Elapsed: 0:03:17.943660
Validation loss decreased (3.670290 --> 3.142542). Saving model ...
Epoch: 4 	Training Loss: 3.343428 	Validation Loss: 2.698115	Elapsed: 0:03:18.696943
Validation loss decreased (3.142542 --> 2.698115). Saving model ...
Epoch: 5 	Training Loss: 2.995878 	Validation Loss: 2.334530	Elapsed: 0:03:19.205373
Validation loss decreased (2.698115 --> 2.334530). Saving model ...
Epoch: 6 	Training Loss: 2.723056 	Validation Loss: 2.033339	Elapsed: 0:03:19.099028
Validation loss decreased (2.334530 --> 2.033339). Saving model ...
Epoch: 7 	Training Loss: 2.518057 	Validation Loss: 1.812573	Elapsed: 0:03:17.994237
Validation loss decreased (2.033339 --> 1.812573). Saving model ...
Epoch: 8 	Training Loss: 2.310053 	Validation Loss: 1.609529	Elapsed: 0:03:16.717152
Validation loss decreased (1.812573 --> 1.609529). Saving model ...
Epoch: 9 	Training Loss: 2.166829 	Validation Loss: 1.439860	Elapsed: 0:03:17.935079
Validation loss decreased (1.609529 --> 1.439860). Saving model ...
Epoch: 10 	Training Loss: 2.057079 	Validation Loss: 1.292030	Elapsed: 0:03:17.791206
Validation loss decreased (1.439860 --> 1.292030). Saving model ...
Epoch: 11 	Training Loss: 1.958263 	Validation Loss: 1.243316	Elapsed: 0:03:18.748263
Validation loss decreased (1.292030 --> 1.243316). Saving model ...
Epoch: 12 	Training Loss: 1.859445 	Validation Loss: 1.130529	Elapsed: 0:03:17.303672
Validation loss decreased (1.243316 --> 1.130529). Saving model ...
Epoch: 13 	Training Loss: 1.799369 	Validation Loss: 1.067557	Elapsed: 0:03:18.150230
Validation loss decreased (1.130529 --> 1.067557). Saving model ...
Epoch: 14 	Training Loss: 1.723310 	Validation Loss: 1.018531	Elapsed: 0:03:18.394798
Validation loss decreased (1.067557 --> 1.018531). Saving model ...
Epoch: 15 	Training Loss: 1.688872 	Validation Loss: 0.965496	Elapsed: 0:03:17.432118
Validation loss decreased (1.018531 --> 0.965496). Saving model ...
Epoch: 16 	Training Loss: 1.639950 	Validation Loss: 0.907270	Elapsed: 0:03:17.425620
Validation loss decreased (0.965496 --> 0.907270). Saving model ...
Epoch: 17 	Training Loss: 1.576800 	Validation Loss: 0.875295	Elapsed: 0:03:17.972938
Validation loss decreased (0.907270 --> 0.875295). Saving model ...
Epoch: 18 	Training Loss: 1.547050 	Validation Loss: 0.824278	Elapsed: 0:03:18.100030
Validation loss decreased (0.875295 --> 0.824278). Saving model ...
Epoch: 19 	Training Loss: 1.539646 	Validation Loss: 0.808194	Elapsed: 0:03:19.895761
Validation loss decreased (0.824278 --> 0.808194). Saving model ...
Epoch: 20 	Training Loss: 1.500094 	Validation Loss: 0.777300	Elapsed: 0:03:18.248607
Validation loss decreased (0.808194 --> 0.777300). Saving model ...
Epoch: 21 	Training Loss: 1.478536 	Validation Loss: 0.762025	Elapsed: 0:03:18.096901
Validation loss decreased (0.777300 --> 0.762025). Saving model ...
Epoch: 22 	Training Loss: 1.449271 	Validation Loss: 0.745259	Elapsed: 0:03:17.565620
Validation loss decreased (0.762025 --> 0.745259). Saving model ...
Epoch: 23 	Training Loss: 1.426696 	Validation Loss: 0.721501	Elapsed: 0:03:17.674511
Validation loss decreased (0.745259 --> 0.721501). Saving model ...
Epoch: 24 	Training Loss: 1.384365 	Validation Loss: 0.706536	Elapsed: 0:03:18.663604
Validation loss decreased (0.721501 --> 0.706536). Saving model ...
Epoch: 25 	Training Loss: 1.352370 	Validation Loss: 0.684035	Elapsed: 0:03:18.739320
Validation loss decreased (0.706536 --> 0.684035). Saving model ...
Epoch: 26 	Training Loss: 1.382330 	Validation Loss: 0.680882	Elapsed: 0:03:18.504176
Validation loss decreased (0.684035 --> 0.680882). Saving model ...
Epoch: 27 	Training Loss: 1.352410 	Validation Loss: 0.662414	Elapsed: 0:03:18.004690
Validation loss decreased (0.680882 --> 0.662414). Saving model ...
Epoch: 28 	Training Loss: 1.323105 	Validation Loss: 0.652469	Elapsed: 0:03:17.707236
Validation loss decreased (0.662414 --> 0.652469). Saving model ...
Epoch: 29 	Training Loss: 1.321770 	Validation Loss: 0.634052	Elapsed: 0:03:20.164878
Validation loss decreased (0.652469 --> 0.634052). Saving model ...
Epoch: 30 	Training Loss: 1.309750 	Validation Loss: 0.638077	Elapsed: 0:03:21.737296
Epoch: 31 	Training Loss: 1.307307 	Validation Loss: 0.615018	Elapsed: 0:03:18.198152
Validation loss decreased (0.634052 --> 0.615018). Saving model ...
Epoch: 32 	Training Loss: 1.259097 	Validation Loss: 0.618697	Elapsed: 0:03:19.649852
Epoch: 33 	Training Loss: 1.276199 	Validation Loss: 0.603413	Elapsed: 0:03:16.942841
Validation loss decreased (0.615018 --> 0.603413). Saving model ...
Epoch: 34 	Training Loss: 1.258176 	Validation Loss: 0.589237	Elapsed: 0:03:18.103221
Validation loss decreased (0.603413 --> 0.589237). Saving model ...
Epoch: 35 	Training Loss: 1.254458 	Validation Loss: 0.576390	Elapsed: 0:03:18.758651
Validation loss decreased (0.589237 --> 0.576390). Saving model ...
Epoch: 36 	Training Loss: 1.246464 	Validation Loss: 0.571317	Elapsed: 0:03:17.794329
Validation loss decreased (0.576390 --> 0.571317). Saving model ...
Epoch: 37 	Training Loss: 1.227437 	Validation Loss: 0.567114	Elapsed: 0:03:17.484424
Validation loss decreased (0.571317 --> 0.567114). Saving model ...
Epoch: 38 	Training Loss: 1.228403 	Validation Loss: 0.557364	Elapsed: 0:03:17.744637
Validation loss decreased (0.567114 --> 0.557364). Saving model ...
Epoch: 39 	Training Loss: 1.213402 	Validation Loss: 0.558201	Elapsed: 0:03:17.285552
Epoch: 40 	Training Loss: 1.206945 	Validation Loss: 0.557859	Elapsed: 0:03:18.132396
Epoch: 41 	Training Loss: 1.193073 	Validation Loss: 0.536087	Elapsed: 0:03:17.725738
Validation loss decreased (0.557364 --> 0.536087). Saving model ...
Epoch: 42 	Training Loss: 1.194688 	Validation Loss: 0.536722	Elapsed: 0:03:17.683174
Epoch: 43 	Training Loss: 1.179069 	Validation Loss: 0.533558	Elapsed: 0:03:18.412587
Validation loss decreased (0.536087 --> 0.533558). Saving model ...
Epoch: 44 	Training Loss: 1.173093 	Validation Loss: 0.521101	Elapsed: 0:03:17.631464
Validation loss decreased (0.533558 --> 0.521101). Saving model ...
Epoch: 45 	Training Loss: 1.153653 	Validation Loss: 0.527879	Elapsed: 0:03:17.595422
Epoch: 46 	Training Loss: 1.158538 	Validation Loss: 0.535613	Elapsed: 0:03:18.427818
Epoch: 47 	Training Loss: 1.174377 	Validation Loss: 0.528422	Elapsed: 0:03:17.892116
Epoch: 48 	Training Loss: 1.164288 	Validation Loss: 0.507026	Elapsed: 0:03:17.780444
Validation loss decreased (0.521101 --> 0.507026). Saving model ...
Epoch: 49 	Training Loss: 1.161782 	Validation Loss: 0.503888	Elapsed: 0:03:17.422116
Validation loss decreased (0.507026 --> 0.503888). Saving model ...
Epoch: 50 	Training Loss: 1.163059 	Validation Loss: 0.500597	Elapsed: 0:03:17.825155
Validation loss decreased (0.503888 --> 0.500597). Saving model ...
Epoch: 51 	Training Loss: 1.154003 	Validation Loss: 0.509676	Elapsed: 0:03:17.683708
Epoch: 52 	Training Loss: 1.122364 	Validation Loss: 0.500437	Elapsed: 0:03:16.342809
Validation loss decreased (0.500597 --> 0.500437). Saving model ...
Epoch: 53 	Training Loss: 1.118776 	Validation Loss: 0.502778	Elapsed: 0:03:17.775326
Epoch: 54 	Training Loss: 1.137227 	Validation Loss: 0.489028	Elapsed: 0:03:16.730713
Validation loss decreased (0.500437 --> 0.489028). Saving model ...
Epoch: 55 	Training Loss: 1.112989 	Validation Loss: 0.490746	Elapsed: 0:03:17.194025
Epoch: 56 	Training Loss: 1.112278 	Validation Loss: 0.491313	Elapsed: 0:03:18.037435
Epoch: 57 	Training Loss: 1.105172 	Validation Loss: 0.488087	Elapsed: 0:03:17.750197
Validation loss decreased (0.489028 --> 0.488087). Saving model ...
Epoch: 58 	Training Loss: 1.106263 	Validation Loss: 0.477318	Elapsed: 0:03:17.918800
Validation loss decreased (0.488087 --> 0.477318). Saving model ...
Epoch: 59 	Training Loss: 1.110798 	Validation Loss: 0.484890	Elapsed: 0:03:17.959631
Epoch: 60 	Training Loss: 1.102846 	Validation Loss: 0.475269	Elapsed: 0:03:17.318802
Validation loss decreased (0.477318 --> 0.475269). Saving model ...
Epoch: 61 	Training Loss: 1.107576 	Validation Loss: 0.470764	Elapsed: 0:03:17.191263
Validation loss decreased (0.475269 --> 0.470764). Saving model ...
Epoch: 62 	Training Loss: 1.079003 	Validation Loss: 0.469544	Elapsed: 0:03:17.907726
Validation loss decreased (0.470764 --> 0.469544). Saving model ...
Epoch: 63 	Training Loss: 1.085582 	Validation Loss: 0.473371	Elapsed: 0:03:17.590775
Epoch: 64 	Training Loss: 1.097795 	Validation Loss: 0.466651	Elapsed: 0:03:16.782743
Validation loss decreased (0.469544 --> 0.466651). Saving model ...
Epoch: 65 	Training Loss: 1.087516 	Validation Loss: 0.466158	Elapsed: 0:03:18.581609
Validation loss decreased (0.466651 --> 0.466158). Saving model ...
Epoch: 66 	Training Loss: 1.041934 	Validation Loss: 0.469748	Elapsed: 0:03:17.901108
Epoch: 67 	Training Loss: 1.075575 	Validation Loss: 0.454066	Elapsed: 0:03:17.029518
Validation loss decreased (0.466158 --> 0.454066). Saving model ...
Epoch: 68 	Training Loss: 1.074739 	Validation Loss: 0.474331	Elapsed: 0:03:18.015337
Epoch: 69 	Training Loss: 1.052330 	Validation Loss: 0.461796	Elapsed: 0:03:17.474546
Epoch: 70 	Training Loss: 1.074078 	Validation Loss: 0.457424	Elapsed: 0:03:16.963451
Epoch: 71 	Training Loss: 1.032617 	Validation Loss: 0.449744	Elapsed: 0:03:17.340017
Validation loss decreased (0.454066 --> 0.449744). Saving model ...
Epoch: 72 	Training Loss: 1.054414 	Validation Loss: 0.454565	Elapsed: 0:03:17.676010
Epoch: 73 	Training Loss: 1.044849 	Validation Loss: 0.453206	Elapsed: 0:03:17.600106
Epoch: 74 	Training Loss: 1.035498 	Validation Loss: 0.458112	Elapsed: 0:03:17.464877
Epoch: 75 	Training Loss: 1.047880 	Validation Loss: 0.459989	Elapsed: 0:03:17.049121
Epoch: 76 	Training Loss: 1.034578 	Validation Loss: 0.446105	Elapsed: 0:03:18.764851
Validation loss decreased (0.449744 --> 0.446105). Saving model ...
Epoch: 77 	Training Loss: 1.032169 	Validation Loss: 0.439367	Elapsed: 0:03:18.741754
Validation loss decreased (0.446105 --> 0.439367). Saving model ...
Epoch: 78 	Training Loss: 1.048666 	Validation Loss: 0.448395	Elapsed: 0:03:17.824941
Epoch: 79 	Training Loss: 1.040212 	Validation Loss: 0.440193	Elapsed: 0:03:18.251639
Epoch: 80 	Training Loss: 1.032011 	Validation Loss: 0.441098	Elapsed: 0:03:17.759952
Epoch: 81 	Training Loss: 1.038431 	Validation Loss: 0.434215	Elapsed: 0:03:16.541620
Validation loss decreased (0.439367 --> 0.434215). Saving model ...
Epoch: 82 	Training Loss: 1.039337 	Validation Loss: 0.442144	Elapsed: 0:03:17.911105
Epoch: 83 	Training Loss: 1.032783 	Validation Loss: 0.438590	Elapsed: 0:03:17.591553
Epoch: 84 	Training Loss: 1.034323 	Validation Loss: 0.441891	Elapsed: 0:03:17.387050
Epoch: 85 	Training Loss: 1.055545 	Validation Loss: 0.434267	Elapsed: 0:03:17.262275
Epoch: 86 	Training Loss: 0.996985 	Validation Loss: 0.432956	Elapsed: 0:03:17.287156
Validation loss decreased (0.434215 --> 0.432956). Saving model ...
Epoch: 87 	Training Loss: 1.025106 	Validation Loss: 0.433783	Elapsed: 0:03:17.746683
Epoch: 88 	Training Loss: 1.003464 	Validation Loss: 0.436888	Elapsed: 0:03:17.344770
Epoch: 89 	Training Loss: 1.021132 	Validation Loss: 0.432445	Elapsed: 0:03:18.347353
Validation loss decreased (0.432956 --> 0.432445). Saving model ...
Epoch: 90 	Training Loss: 1.025346 	Validation Loss: 0.428862	Elapsed: 0:03:18.518516
Validation loss decreased (0.432445 --> 0.428862). Saving model ...
Epoch: 91 	Training Loss: 1.039084 	Validation Loss: 0.418361	Elapsed: 0:03:18.556944
Validation loss decreased (0.428862 --> 0.418361). Saving model ...
Epoch: 92 	Training Loss: 1.009550 	Validation Loss: 0.424567	Elapsed: 0:03:17.763665
Epoch: 93 	Training Loss: 1.002043 	Validation Loss: 0.430174	Elapsed: 0:03:17.460125
Epoch: 94 	Training Loss: 0.995485 	Validation Loss: 0.417896	Elapsed: 0:03:18.836221
Validation loss decreased (0.418361 --> 0.417896). Saving model ...
Epoch: 95 	Training Loss: 0.969755 	Validation Loss: 0.419555	Elapsed: 0:03:11.488185
Epoch: 96 	Training Loss: 0.987362 	Validation Loss: 0.421185	Elapsed: 0:03:10.406026
Epoch: 97 	Training Loss: 0.980267 	Validation Loss: 0.417785	Elapsed: 0:03:10.542342
Validation loss decreased (0.417896 --> 0.417785). Saving model ...
Epoch: 98 	Training Loss: 0.973978 	Validation Loss: 0.416819	Elapsed: 0:03:12.167687
Validation loss decreased (0.417785 --> 0.416819). Saving model ...
Epoch: 99 	Training Loss: 0.994163 	Validation Loss: 0.418498	Elapsed: 0:03:17.225706
Epoch: 100 	Training Loss: 0.998819 	Validation Loss: 0.423518	Elapsed: 0:03:18.415953
Training Ended: 2019-01-07 10:55:04.465024
Total Training Time: 5:29:54.161034
